  Source.cpp
C:\Users\Ankaa\source\repos\sfml\Source.cpp(69,54): warning C4244: аргумент: преобразование "int" в "T", возможна потеря данных
          with
          [
              T=float
          ]
C:\Users\Ankaa\source\repos\sfml\Source.cpp(69,47): warning C4244: аргумент: преобразование "int" в "T", возможна потеря данных
          with
          [
              T=float
          ]
C:\Users\Ankaa\source\repos\sfml\Source.cpp(70,60): warning C4244: аргумент: преобразование "int" в "T", возможна потеря данных
          with
          [
              T=float
          ]
C:\Users\Ankaa\source\repos\sfml\Source.cpp(70,48): warning C4244: аргумент: преобразование "int" в "T", возможна потеря данных
          with
          [
              T=float
          ]
C:\Users\Ankaa\source\repos\sfml\Source.cpp(71,63): warning C4244: аргумент: преобразование "int" в "T", возможна потеря данных
          with
          [
              T=float
          ]
C:\Users\Ankaa\source\repos\sfml\Source.cpp(71,52): warning C4244: аргумент: преобразование "int" в "T", возможна потеря данных
          with
          [
              T=float
          ]
C:\Users\Ankaa\source\repos\sfml\Source.cpp(72,58): warning C4244: аргумент: преобразование "int" в "T", возможна потеря данных
          with
          [
              T=float
          ]
C:\Users\Ankaa\source\repos\sfml\Source.cpp(72,52): warning C4244: аргумент: преобразование "int" в "T", возможна потеря данных
          with
          [
              T=float
          ]
C:\Users\Ankaa\source\repos\sfml\Source.cpp(88,14): warning C4305: =: усечение из "double" в "float"
C:\Users\Ankaa\source\repos\sfml\Source.cpp(114,20): warning C4244: инициализация: преобразование "sf::Int32" в "float", возможна потеря данных
C:\Users\Ankaa\source\repos\sfml\Source.cpp(128,29): warning C4305: +=: усечение из "double" в "float"
C:\Users\Ankaa\source\repos\sfml\Source.cpp(136,29): warning C4305: -=: усечение из "double" в "float"
  sfml.vcxproj -> C:\Users\Ankaa\source\repos\sfml\Debug\sfml.exe
